<?xml version="1.0" encoding="UTF-8"?>
<testsuite xmlns:xsi="http://www.w3.org/2001/XMLSchema-instance" xsi:noNamespaceSchemaLocation="https://maven.apache.org/surefire/maven-surefire-plugin/xsd/surefire-test-report-3.0.xsd" version="3.0" name="TestSuite" time="40.78" tests="1" errors="0" skipped="0" failures="1">
  <properties>
[...]
</properties>
  <testcase name="ticketL0TaoL1AvaBDuyetL2vaL3BTHTuChoi" classname="cads.house.tests.tickettests.TicketAutoFFCExPCADSTest" time="37.489">
    <failure message="Expected condition failed: waiting for visibility of element located by By.xpath: //span[normalize-space()=&apos;FPT Play&apos;] (tried for 15 second(s) with 500 milliseconds interval)&#10;Build info: version: &apos;4.33.0&apos;, revision: &apos;2c6aaad03a&apos;&#10;System info: os.name: &apos;Windows 10&apos;, os.arch: &apos;amd64&apos;, os.version: &apos;10.0&apos;, java.version: &apos;15.0.2&apos;&#10;Driver info: org.openqa.selenium.chrome.ChromeDriver&#10;Capabilities {acceptInsecureCerts: false, browserName: chrome, browserVersion: 137.0.7151.120, chrome: {chromedriverVersion: 137.0.7151.119 (e0ac9d12dff..., userDataDir: C:\Users\PC\AppData\Local\T...}, fedcm:accounts: true, goog:chromeOptions: {debuggerAddress: localhost:63993}, networkConnectionEnabled: false, pageLoadStrategy: normal, platformName: windows, proxy: Proxy(), se:cdp: ws://localhost:63993/devtoo..., se:cdpVersion: 137.0.7151.120, setWindowRect: true, strictFileInteractability: false, timeouts: {implicit: 0, pageLoad: 300000, script: 30000}, unhandledPromptBehavior: dismiss and notify, webauthn:extension:credBlob: true, webauthn:extension:largeBlob: true, webauthn:extension:minPinLength: true, webauthn:extension:prf: true, webauthn:virtualAuthenticators: true}&#10;Session ID: 74446c87f0b2b4483acaa9003c7cf527" type="org.openqa.selenium.TimeoutException"><![CDATA[org.openqa.selenium.TimeoutException: 
Expected condition failed: waiting for visibility of element located by By.xpath: //span[normalize-space()='FPT Play'] (tried for 15 second(s) with 500 milliseconds interval)
Build info: version: '4.33.0', revision: '2c6aaad03a'
System info: os.name: 'Windows 10', os.arch: 'amd64', os.version: '10.0', java.version: '15.0.2'
Driver info: org.openqa.selenium.chrome.ChromeDriver
Capabilities {acceptInsecureCerts: false, browserName: chrome, browserVersion: 137.0.7151.120, chrome: {chromedriverVersion: 137.0.7151.119 (e0ac9d12dff..., userDataDir: C:\Users\PC\AppData\Local\T...}, fedcm:accounts: true, goog:chromeOptions: {debuggerAddress: localhost:63993}, networkConnectionEnabled: false, pageLoadStrategy: normal, platformName: windows, proxy: Proxy(), se:cdp: ws://localhost:63993/devtoo..., se:cdpVersion: 137.0.7151.120, setWindowRect: true, strictFileInteractability: false, timeouts: {implicit: 0, pageLoad: 300000, script: 30000}, unhandledPromptBehavior: dismiss and notify, webauthn:extension:credBlob: true, webauthn:extension:largeBlob: true, webauthn:extension:minPinLength: true, webauthn:extension:prf: true, webauthn:virtualAuthenticators: true}
Session ID: 74446c87f0b2b4483acaa9003c7cf527
	at org.openqa.selenium.support.ui.WebDriverWait.timeoutException(WebDriverWait.java:84)
	at org.openqa.selenium.support.ui.FluentWait.until(FluentWait.java:228)
	at cads.house.utils.WebUI.waitForElementVisible(WebUI.java:228)
	at cads.house.utils.WebUI.getTextElement(WebUI.java:181)
	at cads.house.pages.ticketpages.ticketsteps.TicketStepL1Page.actionClickButtonAgreeStepL1(TicketStepL1Page.java:96)
	at cads.house.pages.ticketpages.TicketAutoFFCExPCADSPage.l0TaoL1AvaBDuyetL2vaL3BTHTuChoi(TicketAutoFFCExPCADSPage.java:52)
	at cads.house.tests.tickettests.TicketAutoFFCExPCADSTest.ticketL0TaoL1AvaBDuyetL2vaL3BTHTuChoi(TicketAutoFFCExPCADSTest.java:28)
	at java.base/jdk.internal.reflect.NativeMethodAccessorImpl.invoke0(Native Method)
	at java.base/jdk.internal.reflect.NativeMethodAccessorImpl.invoke(NativeMethodAccessorImpl.java:64)
	at java.base/jdk.internal.reflect.DelegatingMethodAccessorImpl.invoke(DelegatingMethodAccessorImpl.java:43)
	at java.base/java.lang.reflect.Method.invoke(Method.java:564)
	at org.testng.internal.invokers.MethodInvocationHelper.invokeMethod(MethodInvocationHelper.java:141)
	at org.testng.internal.invokers.TestInvoker.invokeMethod(TestInvoker.java:687)
	at org.testng.internal.invokers.TestInvoker.invokeTestMethod(TestInvoker.java:230)
	at org.testng.internal.invokers.MethodRunner.runInSequence(MethodRunner.java:63)
	at org.testng.internal.invokers.TestInvoker$MethodInvocationAgent.invoke(TestInvoker.java:995)
	at org.testng.internal.invokers.TestInvoker.invokeTestMethods(TestInvoker.java:203)
	at org.testng.internal.invokers.TestMethodWorker.invokeTestMethods(TestMethodWorker.java:154)
	at org.testng.internal.invokers.TestMethodWorker.run(TestMethodWorker.java:134)
	at java.base/java.util.ArrayList.forEach(ArrayList.java:1511)
	at org.testng.TestRunner.privateRun(TestRunner.java:741)
	at org.testng.TestRunner.run(TestRunner.java:616)
	at org.testng.SuiteRunner.runTest(SuiteRunner.java:421)
	at org.testng.SuiteRunner.runSequentially(SuiteRunner.java:413)
	at org.testng.SuiteRunner.privateRun(SuiteRunner.java:373)
	at org.testng.SuiteRunner.run(SuiteRunner.java:312)
	at org.testng.SuiteRunnerWorker.runSuite(SuiteRunnerWorker.java:52)
	at org.testng.SuiteRunnerWorker.run(SuiteRunnerWorker.java:95)
	at org.testng.TestNG.runSuitesSequentially(TestNG.java:1274)
	at org.testng.TestNG.runSuitesLocally(TestNG.java:1208)
	at org.testng.TestNG.runSuites(TestNG.java:1112)
	at org.testng.TestNG.run(TestNG.java:1079)
	at org.apache.maven.surefire.testng.TestNGExecutor.run(TestNGExecutor.java:155)
	at org.apache.maven.surefire.testng.TestNGDirectoryTestSuite.executeMulti(TestNGDirectoryTestSuite.java:169)
	at org.apache.maven.surefire.testng.TestNGDirectoryTestSuite.execute(TestNGDirectoryTestSuite.java:88)
	at org.apache.maven.surefire.testng.TestNGProvider.invoke(TestNGProvider.java:137)
	at org.apache.maven.surefire.booter.ForkedBooter.runSuitesInProcess(ForkedBooter.java:385)
	at org.apache.maven.surefire.booter.ForkedBooter.execute(ForkedBooter.java:162)
	at org.apache.maven.surefire.booter.ForkedBooter.run(ForkedBooter.java:507)
	at org.apache.maven.surefire.booter.ForkedBooter.main(ForkedBooter.java:495)
]]></failure>
    <system-out><![CDATA[2025-07-01T04:56:16.337341800Z main DEBUG Apache Log4j Core 2.24 initializing configuration XmlConfiguration[location=C:\AutomationTesting\FPT_FCI\target\classes\log4j2.xml, lastModified=2025-06-06T09:17:21.151Z]
2025-07-01T04:56:16.338353700Z main DEBUG PluginManager 'Core' found 131 plugins
2025-07-01T04:56:16.338353700Z main DEBUG PluginManager 'Level' found 0 plugins
2025-07-01T04:56:16.340276Z main DEBUG PluginManager 'Lookup' found 16 plugins
2025-07-01T04:56:16.341275Z main DEBUG Building Plugin[name=layout, class=org.apache.logging.log4j.core.layout.PatternLayout].
2025-07-01T04:56:16.349293100Z main DEBUG PluginManager 'TypeConverter' found 26 plugins
2025-07-01T04:56:16.356345300Z main DEBUG PatternLayout$Builder(pattern="[%-5level] %d{dd-MM-yyyy HH:mm:ss} [%t] %c{1} - %msg%n", PatternSelector=null, Configuration(C:\AutomationTesting\FPT_FCI\target\classes\log4j2.xml), Replace=null, charset="null", alwaysWriteExceptions="null", disableAnsi="null", noConsoleNoAnsi="null", header="null", footer="null")
2025-07-01T04:56:16.356345300Z main DEBUG PluginManager 'Converter' found 45 plugins
2025-07-01T04:56:16.359346200Z main DEBUG Building Plugin[name=appender, class=org.apache.logging.log4j.core.appender.ConsoleAppender].
2025-07-01T04:56:16.363276700Z main DEBUG ConsoleAppender$Builder(target="SYSTEM_OUT", follow="null", direct="null", bufferedIo="null", bufferSize="null", immediateFlush="null", ignoreExceptions="null", PatternLayout([%-5level] %d{dd-MM-yyyy HH:mm:ss} [%t] %c{1} - %msg%n), name="LogToConsole", Configuration(C:\AutomationTesting\FPT_FCI\target\classes\log4j2.xml), Filter=null, ={})
2025-07-01T04:56:16.365400900Z main DEBUG Starting OutputStreamManager SYSTEM_OUT.false.false
2025-07-01T04:56:16.365400900Z main DEBUG Building Plugin[name=layout, class=org.apache.logging.log4j.core.layout.PatternLayout].
2025-07-01T04:56:16.366305700Z main DEBUG PatternLayout$Builder(pattern="[%-5level] %d{dd-MM-yyyy HH:mm:ss} [%t] %c{1} - %msg%n", PatternSelector=null, Configuration(C:\AutomationTesting\FPT_FCI\target\classes\log4j2.xml), Replace=null, charset="null", alwaysWriteExceptions="null", disableAnsi="null", noConsoleNoAnsi="null", header="null", footer="null")
2025-07-01T04:56:16.366305700Z main DEBUG Building Plugin[name=appender, class=org.apache.logging.log4j.core.appender.FileAppender].
2025-07-01T04:56:16.368275Z main DEBUG FileAppender$Builder(fileName="exports/logs/AppLogger.log", append="null", locking="null", advertise="null", advertiseUri="null", createOnDemand="null", filePermissions="null", fileOwner="null", fileGroup="null", bufferedIo="null", bufferSize="null", immediateFlush="null", ignoreExceptions="null", PatternLayout([%-5level] %d{dd-MM-yyyy HH:mm:ss} [%t] %c{1} - %msg%n), name="LogToFile", Configuration(C:\AutomationTesting\FPT_FCI\target\classes\log4j2.xml), Filter=null, ={})
2025-07-01T04:56:16.370372900Z main DEBUG Starting FileManager exports/logs/AppLogger.log
2025-07-01T04:56:16.370372900Z main DEBUG Building Plugin[name=Appenders, class=org.apache.logging.log4j.core.config.AppendersPlugin].
2025-07-01T04:56:16.370372900Z main DEBUG createAppenders(={LogToConsole, LogToFile})
2025-07-01T04:56:16.370372900Z main DEBUG Building Plugin[name=AppenderRef, class=org.apache.logging.log4j.core.config.AppenderRef].
2025-07-01T04:56:16.372282900Z main DEBUG createAppenderRef(ref="LogToFile", level="null", Filter=null)
2025-07-01T04:56:16.372282900Z main DEBUG Building Plugin[name=AppenderRef, class=org.apache.logging.log4j.core.config.AppenderRef].
2025-07-01T04:56:16.372282900Z main DEBUG createAppenderRef(ref="LogToConsole", level="null", Filter=null)
2025-07-01T04:56:16.372282900Z main DEBUG Building Plugin[name=Logger, class=org.apache.logging.log4j.core.config.LoggerConfig].
2025-07-01T04:56:16.374282200Z main DEBUG LoggerConfig$Builder(additivity="false", level="DEBUG", levelAndRefs="null", name="Log4j2", includeLocation="null", ={LogToFile, LogToConsole}, ={}, Configuration(C:\AutomationTesting\FPT_FCI\target\classes\log4j2.xml), Filter=null)
2025-07-01T04:56:16.375709400Z main DEBUG Building Plugin[name=AppenderRef, class=org.apache.logging.log4j.core.config.AppenderRef].
2025-07-01T04:56:16.376759500Z main DEBUG createAppenderRef(ref="LogToFile", level="null", Filter=null)
2025-07-01T04:56:16.376759500Z main DEBUG Building Plugin[name=AppenderRef, class=org.apache.logging.log4j.core.config.AppenderRef].
2025-07-01T04:56:16.376759500Z main DEBUG createAppenderRef(ref="LogToConsole", level="null", Filter=null)
2025-07-01T04:56:16.376759500Z main DEBUG Building Plugin[name=Root, class=org.apache.logging.log4j.core.config.LoggerConfig$RootLogger].
2025-07-01T04:56:16.378719300Z main DEBUG LoggerConfig$RootLogger$Builder(additivity="null", level="INFO", levelAndRefs="null", includeLocation="null", ={LogToFile, LogToConsole}, ={}, Configuration(C:\AutomationTesting\FPT_FCI\target\classes\log4j2.xml), Filter=null)
2025-07-01T04:56:16.378719300Z main DEBUG Building Plugin[name=Loggers, class=org.apache.logging.log4j.core.config.LoggersPlugin].
2025-07-01T04:56:16.379718900Z main DEBUG createLoggers(={Log4j2, root})
2025-07-01T04:56:16.380717400Z main DEBUG Configuration XmlConfiguration[location=C:\AutomationTesting\FPT_FCI\target\classes\log4j2.xml, lastModified=2025-06-06T09:17:21.151Z] initialized
2025-07-01T04:56:16.380717400Z main INFO Starting configuration XmlConfiguration[location=C:\AutomationTesting\FPT_FCI\target\classes\log4j2.xml, lastModified=2025-06-06T09:17:21.151Z]...
2025-07-01T04:56:16.380717400Z main INFO Start watching for changes to C:\AutomationTesting\FPT_FCI\target\classes\log4j2.xml every 0 seconds
2025-07-01T04:56:16.380717400Z main INFO Configuration XmlConfiguration[location=C:\AutomationTesting\FPT_FCI\target\classes\log4j2.xml, lastModified=2025-06-06T09:17:21.151Z] started.
2025-07-01T04:56:16.382724100Z main INFO Stopping configuration org.apache.logging.log4j.core.config.DefaultConfiguration@792b749c...
2025-07-01T04:56:16.383718800Z main DEBUG Shutting down OutputStreamManager SYSTEM_OUT.false.false-1
2025-07-01T04:56:16.383718800Z main DEBUG OutputStream closed
2025-07-01T04:56:16.383718800Z main DEBUG Shut down OutputStreamManager SYSTEM_OUT.false.false-1, all resources released: true
2025-07-01T04:56:16.383718800Z main DEBUG Appender DefaultConsole-1 stopped with status true
2025-07-01T04:56:16.383718800Z main INFO Configuration org.apache.logging.log4j.core.config.DefaultConfiguration@792b749c stopped.
2025-07-01T04:56:16.384775500Z main DEBUG org.apache.logging.log4j.core.util.SystemClock supports precise timestamps.
2025-07-01T04:56:16.385763900Z main DEBUG Reconfiguration complete for context[name=4e0e2f2a] at URI C:\AutomationTesting\FPT_FCI\target\classes\log4j2.xml (org.apache.logging.log4j.core.LoggerContext@1583741e) with optional ClassLoader: null
2025-07-01T04:56:16.385763900Z main DEBUG Shutdown hook enabled. Registering a new one.
2025-07-01T04:56:16.386761300Z main DEBUG LoggerContext[name=4e0e2f2a, org.apache.logging.log4j.core.LoggerContext@1583741e] started OK.
[INFO ] 01-07-2025 11:56:16 [main] LoggerUtil - ?? Setup environment onStart: Tue Jul 01 11:56:16 ICT 2025
[INFO ] 01-07-2025 11:56:16 [main] LoggerUtil - ? Launching Chrome browser...
[INFO ] 01-07-2025 11:56:17 [main] LoggerUtil - ? [createDriver] Thread ID: 1
[INFO ] 01-07-2025 11:56:17 [main] LoggerUtil - ? Start run test case: ticketL0TaoL1AvaBDuyetL2vaL3BTHTuChoi
[INFO ] 01-07-2025 11:56:19 [main] LoggerUtil - Status code: 200
[INFO ] 01-07-2025 11:56:19 [main] LoggerUtil - ? Create token success - eyJ0eXAiOiJKV1QiLCJhbGciOiJIUzI1NiJ9.eyJleHAiOjE3NTEzNDkzNzgsImlhdCI6MTc1MTM0NTc3OCwiZW1haWwiOiJyZXNvdXJjZTNAZ21haWwuY29tIn0.BTtgShmFjrnZ8P5BCBx2qGW83bGkMcnpU8KKgRQ1wJE
[INFO ] 01-07-2025 11:56:19 [main] LoggerUtil - setToken: eyJ0eXAiOiJKV1QiLCJhbGciOiJIUzI1NiJ9.eyJleHAiOjE3NTEzNDkzNzgsImlhdCI6MTc1MTM0NTc3OCwiZW1haWwiOiJyZXNvdXJjZTNAZ21haWwuY29tIn0.BTtgShmFjrnZ8P5BCBx2qGW83bGkMcnpU8KKgRQ1wJE
[INFO ] 01-07-2025 11:56:19 [main] LoggerUtil - ? Get token success - eyJ0eXAiOiJKV1QiLCJhbGciOiJIUzI1NiJ9.eyJleHAiOjE3NTEzNDkzNzgsImlhdCI6MTc1MTM0NTc3OCwiZW1haWwiOiJyZXNvdXJjZTNAZ21haWwuY29tIn0.BTtgShmFjrnZ8P5BCBx2qGW83bGkMcnpU8KKgRQ1wJE
[INFO ] 01-07-2025 11:56:19 [main] LoggerUtil - Request Body: {"acls":[{"existed":{"columnName":["phone"],"dataType":"RAW","databaseName":"ftel_dm_solution","numberRows":"1500","platformName":"hive","schemaName":"","tableName":"bi_cus360_total_fid_phone"},"schedule":{"dataEndDate":"2025-12-30","dataReceivedDate":"2025-12-30","reqFreq":"REPEAT","typeDuration":"EVERY_DAY"}},{"existed":{"columnName":["fplay_id"],"dataType":"RAW","databaseName":"ftel_dm_solution","numberRows":"1500","platformName":"hive","schemaName":"","tableName":"bi_cus360_shopping_sub_all_general"},"schedule":{"dataEndDate":"2025-12-30","dataReceivedDate":"2025-12-30","reqFreq":"REPEAT","typeDuration":"EVERY_DAY"}}],"ticket":{"emailUser":"resource3@gmail.com","followers":[],"projectName":"Automation Testing Development","reason":"test error","ticketName":"AuToTest_3006_TC0011751345778012","typeConnection":"CDP"}}
[INFO ] 01-07-2025 11:56:20 [main] LoggerUtil - ? Create ticket success
{
    "ticket_id": "20250701-CADS228037",
    "ticket_uuid": "c4eed942-e443-4bd7-b712-3fbcb3153073",
    "creator_id": "resource3@gmail.com",
    "status": "PROGRESS",
    "select": [
        {
            "database": "ftel_dm_solution",
            "table": "bi_cus360_total_fid_phone",
            "column": "phone",
            "platform": "hive",
            "status": "NONE",
            "pic": [
                "datasharing0000003@gmail.com"
            ],
            "reason": null
        },
        {
            "database": "ftel_dm_solution",
            "table": "bi_cus360_shopping_sub_all_general",
            "column": "fplay_id",
            "platform": "hive",
            "status": "NONE",
            "pic": [
                "datasharing0000003@gmail.com"
            ],
            "reason": null
        }
    ],
    "ticket_url": "https://staging-cadshouse.cads.live/v2/app/request/data/detail"
}
[INFO ] 01-07-2025 11:56:20 [main] LoggerUtil - => Ticket ID: 20250701-CADS228037
[INFO ] 01-07-2025 11:56:20 [main] LoggerUtil - setTicketID : 20250701-CADS228037
[INFO ] 01-07-2025 11:56:20 [main] LoggerUtil - ==================== End Stage Create API Ticket  ====================
[INFO ] 01-07-2025 11:56:21 [main] LoggerUtil - ? Open URL:https://staging-cadshouse.cads.live/v2/login
[INFO ] 01-07-2025 11:56:24 [main] LoggerUtil - => Click on Element: By.xpath: //button//span[normalize-space()='B?ng tài kho?n CADS House']
[INFO ] 01-07-2025 11:56:25 [main] LoggerUtil - => Set Text: datasharing0000003@gmail.com on Element By.xpath: //input[@id='username']
[INFO ] 01-07-2025 11:56:25 [main] LoggerUtil - => Set Text: 1234@Abcd on Element By.xpath: //input[@id='password']
[INFO ] 01-07-2025 11:56:25 [main] LoggerUtil - => Click on Element: By.xpath: //input[@id='kc-login']
[INFO ] 01-07-2025 11:56:30 [main] LoggerUtil - ? Step: loginAccountCADSHouseStepL1 Login success
[INFO ] 01-07-2025 11:56:30 [main] LoggerUtil - => Click on Element: By.xpath: //span[normalize-space()='Ch? phê duy?t']
[INFO ] 01-07-2025 11:56:33 [main] LoggerUtil - => Click on Element: By.xpath: //input[@placeholder='Tìm theo ID, tên yêu c?u.']
[INFO ] 01-07-2025 11:56:33 [main] LoggerUtil - ? Get ticketID success - Method: actulaData
[INFO ] 01-07-2025 11:56:33 [main] LoggerUtil - => Set Text: 20250701-CADS228037 on Element By.xpath: //input[@placeholder='Tìm theo ID, tên yêu c?u.']
[INFO ] 01-07-2025 11:56:36 [main] LoggerUtil - ? Get ticketID success - Method: getActualData
[INFO ] 01-07-2025 11:56:36 [main] LoggerUtil - ? Start verifying element is visible: By.xpath: //div[@title='20250701-CADS228037']
[INFO ] 01-07-2025 11:56:36 [main] LoggerUtil - ? Element is visible: By.xpath: //div[@title='20250701-CADS228037']
[INFO ] 01-07-2025 11:56:36 [main] LoggerUtil - ? Get ticketID success - Method: getActualData
[INFO ] 01-07-2025 11:56:36 [main] LoggerUtil - => Get text of Element: By.xpath: //div[@title='20250701-CADS228037']
[INFO ] 01-07-2025 11:56:36 [main] LoggerUtil - => Text: 20250701-CADS228037
[INFO ] 01-07-2025 11:56:36 [main] LoggerUtil - ? Get ticketID success - Method: expectedData
[INFO ] 01-07-2025 11:56:36 [main] LoggerUtil - ? Get ticketID success - Method: getActualData
[INFO ] 01-07-2025 11:56:36 [main] LoggerUtil - => Click on Element: By.xpath: //div[@title='20250701-CADS228037']
[INFO ] 01-07-2025 11:56:39 [main] LoggerUtil - Method activity: actionSearchTicketAndCickOnTicketTC001 => ?? Search and on click ticket success
[INFO ] 01-07-2025 11:56:39 [main] LoggerUtil - => Get text of Element: By.xpath: //span[normalize-space()='Phê duy?t']
[INFO ] 01-07-2025 11:56:39 [main] LoggerUtil - => Text: PHÊ DUY?T
[INFO ] 01-07-2025 11:56:39 [main] LoggerUtil - => Get text of Element: By.xpath: //div[@class='MuiStack-root css-134kkd2']/descendant::span[normalize-space()='?ang x? lý (1/3)']
[INFO ] 01-07-2025 11:56:39 [main] LoggerUtil - => Text: ?ang x? lý (1/3)
[INFO ] 01-07-2025 11:56:40 [main] LoggerUtil - => Get text of Element: By.xpath: //span[normalize-space()='D? li?u 1']
[INFO ] 01-07-2025 11:56:40 [main] LoggerUtil - => Text: D? li?u 1
[INFO ] 01-07-2025 11:56:40 [main] LoggerUtil - => Get text of Element: By.xpath: //span[normalize-space()='D? li?u 2']
[INFO ] 01-07-2025 11:56:40 [main] LoggerUtil - => Text: D? li?u 2
[INFO ] 01-07-2025 11:56:40 [main] LoggerUtil - => Click on Element: By.xpath: //button[normalize-space()='L?ch s? phê duy?t']
[ERROR] 01-07-2025 11:56:55 [main] LoggerUtil - ? Error Element not visible: By.xpath: //span[normalize-space()='FPT Play']
]]></system-out>
  </testcase>
</testsuite>